<?xml version="1.0" encoding="UTF-8"?>
<testng-results skipped="0" failed="0" ignored="0" total="1" passed="1">
  <reporter-output>
  </reporter-output>
  <suite name="Default suite" duration-ms="10200" started-at="2021-09-12T22:40:34 CLST" finished-at="2021-09-12T22:40:45 CLST">
    <groups>
    </groups>
    <test name="Default test" duration-ms="10200" started-at="2021-09-12T22:40:34 CLST" finished-at="2021-09-12T22:40:45 CLST">
      <class name="viveZana.Prueba">
        <test-method status="PASS" signature="beforeClass()[pri:0, instance:viveZana.Prueba@2173f6d9]" name="beforeClass" is-config="true" duration-ms="7943" started-at="2021-09-12T22:40:34 CLST" finished-at="2021-09-12T22:40:42 CLST">
          <reporter-output>
          </reporter-output>
        </test-method> <!-- beforeClass -->
        <test-method status="PASS" signature="f()[pri:0, instance:viveZana.Prueba@2173f6d9]" name="f" duration-ms="2143" started-at="2021-09-12T22:40:42 CLST" finished-at="2021-09-12T22:40:45 CLST">
          <reporter-output>
          </reporter-output>
        </test-method> <!-- f -->
        <test-method status="PASS" signature="afterClass()[pri:0, instance:viveZana.Prueba@2173f6d9]" name="afterClass" is-config="true" duration-ms="81" started-at="2021-09-12T22:40:45 CLST" finished-at="2021-09-12T22:40:45 CLST">
          <reporter-output>
          </reporter-output>
        </test-method> <!-- afterClass -->
      </class> <!-- viveZana.Prueba -->
    </test> <!-- Default test -->
  </suite> <!-- Default suite -->
</testng-results>
